<?xml version="1.0" encoding="UTF-8"?>
<coverage generated="1683224379277" clover="3.2.0">
  <project timestamp="1683224379279" name="All files">
    <metrics statements="3" coveredstatements="0" conditionals="0" coveredconditionals="0" methods="0" coveredmethods="0" elements="3" coveredelements="0" complexity="0" loc="3" ncloc="3" packages="2" files="3" classes="3"/>
    <package name="components">
      <metrics statements="1" coveredstatements="0" conditionals="0" coveredconditionals="0" methods="0" coveredmethods="0"/>
      <file name="Tutorial.vue" path="/Users/kimhaeji/Documents/develop/giggals/kanban-web/components/Tutorial.vue">
        <metrics statements="1" coveredstatements="0" conditionals="0" coveredconditionals="0" methods="0" coveredmethods="0"/>
        <line num="119" count="0" type="stmt"/>
      </file>
    </package>
    <package name="pages">
      <metrics statements="2" coveredstatements="0" conditionals="0" coveredconditionals="0" methods="0" coveredmethods="0"/>
      <file name="index.vue" path="/Users/kimhaeji/Documents/develop/giggals/kanban-web/pages/index.vue">
        <metrics statements="1" coveredstatements="0" conditionals="0" coveredconditionals="0" methods="0" coveredmethods="0"/>
        <line num="84" count="0" type="stmt"/>
      </file>
      <file name="inspire.vue" path="/Users/kimhaeji/Documents/develop/giggals/kanban-web/pages/inspire.vue">
        <metrics statements="1" coveredstatements="0" conditionals="0" coveredconditionals="0" methods="0" coveredmethods="0"/>
        <line num="18" count="0" type="stmt"/>
      </file>
    </package>
  </project>
</coverage>
