{"/Users/kimhaeji/Documents/develop/giggals/kanban-web/components/Tutorial.vue": {"path":"/Users/kimhaeji/Documents/develop/giggals/kanban-web/components/Tutorial.vue","statementMap":{"0":{"start":{"line":119,"column":0},"end":{"line":119,"column":null}}},"fnMap":{},"branchMap":{},"s":{"0":0},"f":{},"b":{}}
,"/Users/kimhaeji/Documents/develop/giggals/kanban-web/pages/index.vue": {"path":"/Users/kimhaeji/Documents/develop/giggals/kanban-web/pages/index.vue","statementMap":{"0":{"start":{"line":84,"column":0},"end":{"line":84,"column":null}}},"fnMap":{},"branchMap":{},"s":{"0":0},"f":{},"b":{}}
,"/Users/kimhaeji/Documents/develop/giggals/kanban-web/pages/inspire.vue": {"path":"/Users/kimhaeji/Documents/develop/giggals/kanban-web/pages/inspire.vue","statementMap":{"0":{"start":{"line":18,"column":0},"end":{"line":18,"column":null}}},"fnMap":{},"branchMap":{},"s":{"0":0},"f":{},"b":{}}
}
