{"/Users/kimhaeji/Documents/develop/giggals/kanban-web/components/common/FormModal.vue": {"path":"/Users/kimhaeji/Documents/develop/giggals/kanban-web/components/common/FormModal.vue","statementMap":{"0":{"start":{"line":46,"column":0},"end":{"line":46,"column":null}},"1":{"start":{"line":47,"column":0},"end":{"line":47,"column":null}},"2":{"start":{"line":49,"column":0},"end":{"line":49,"column":null}}},"fnMap":{},"branchMap":{},"s":{"0":0,"1":0,"2":0},"f":{},"b":{}}
,"/Users/kimhaeji/Documents/develop/giggals/kanban-web/components/common/Level.vue": {"path":"/Users/kimhaeji/Documents/develop/giggals/kanban-web/components/common/Level.vue","statementMap":{"0":{"start":{"line":11,"column":0},"end":{"line":11,"column":null}}},"fnMap":{},"branchMap":{},"s":{"0":1},"f":{},"b":{}}
,"/Users/kimhaeji/Documents/develop/giggals/kanban-web/components/common/MenuModal.vue": {"path":"/Users/kimhaeji/Documents/develop/giggals/kanban-web/components/common/MenuModal.vue","statementMap":{"0":{"start":{"line":18,"column":0},"end":{"line":18,"column":null}},"1":{"start":{"line":19,"column":0},"end":{"line":19,"column":null}},"2":{"start":{"line":22,"column":0},"end":{"line":22,"column":null}}},"fnMap":{},"branchMap":{},"s":{"0":0,"1":0,"2":0},"f":{},"b":{}}
,"/Users/kimhaeji/Documents/develop/giggals/kanban-web/components/common/StateCard.vue": {"path":"/Users/kimhaeji/Documents/develop/giggals/kanban-web/components/common/StateCard.vue","statementMap":{"0":{"start":{"line":31,"column":0},"end":{"line":31,"column":null}},"1":{"start":{"line":34,"column":0},"end":{"line":34,"column":null}},"2":{"start":{"line":35,"column":0},"end":{"line":35,"column":null}}},"fnMap":{"0":{"name":"_interopRequireDefault","decl":{"start":{"line":35,"column":0},"end":{"line":35,"column":null}},"loc":{"start":{"line":35,"column":0},"end":{"line":35,"column":null}}}},"branchMap":{"0":{"loc":{"start":{"line":35,"column":0},"end":{"line":35,"column":null}},"type":"cond-expr","locations":[{"start":{"line":35,"column":0},"end":{"line":35,"column":null}},{"start":{"line":35,"column":0},"end":{"line":35,"column":null}}]}},"s":{"0":0,"1":0,"2":0},"f":{"0":0},"b":{"0":[0,0]}}
,"/Users/kimhaeji/Documents/develop/giggals/kanban-web/components/common/StateFormModal.vue": {"path":"/Users/kimhaeji/Documents/develop/giggals/kanban-web/components/common/StateFormModal.vue","statementMap":{"0":{"start":{"line":30,"column":0},"end":{"line":30,"column":null}},"1":{"start":{"line":31,"column":0},"end":{"line":31,"column":null}}},"fnMap":{},"branchMap":{},"s":{"0":0,"1":0},"f":{},"b":{}}
,"/Users/kimhaeji/Documents/develop/giggals/kanban-web/components/common/TaskCard.vue": {"path":"/Users/kimhaeji/Documents/develop/giggals/kanban-web/components/common/TaskCard.vue","statementMap":{"0":{"start":{"line":28,"column":0},"end":{"line":28,"column":null}},"1":{"start":{"line":30,"column":0},"end":{"line":30,"column":null}},"2":{"start":{"line":32,"column":0},"end":{"line":32,"column":null}}},"fnMap":{"0":{"name":"_interopRequireDefault","decl":{"start":{"line":32,"column":0},"end":{"line":32,"column":null}},"loc":{"start":{"line":32,"column":0},"end":{"line":32,"column":null}}}},"branchMap":{"0":{"loc":{"start":{"line":32,"column":0},"end":{"line":32,"column":null}},"type":"cond-expr","locations":[{"start":{"line":32,"column":0},"end":{"line":32,"column":null}},{"start":{"line":32,"column":0},"end":{"line":32,"column":null}}]}},"s":{"0":0,"1":0,"2":0},"f":{"0":0},"b":{"0":[0,0]}}
,"/Users/kimhaeji/Documents/develop/giggals/kanban-web/components/layouts/default/AppBar.vue": {"path":"/Users/kimhaeji/Documents/develop/giggals/kanban-web/components/layouts/default/AppBar.vue","statementMap":{"0":{"start":{"line":18,"column":0},"end":{"line":18,"column":null}},"1":{"start":{"line":20,"column":0},"end":{"line":20,"column":null}}},"fnMap":{"0":{"name":"_interopRequireDefault","decl":{"start":{"line":20,"column":0},"end":{"line":20,"column":null}},"loc":{"start":{"line":20,"column":0},"end":{"line":20,"column":null}}}},"branchMap":{"0":{"loc":{"start":{"line":20,"column":0},"end":{"line":20,"column":null}},"type":"cond-expr","locations":[{"start":{"line":20,"column":0},"end":{"line":20,"column":null}},{"start":{"line":20,"column":0},"end":{"line":20,"column":null}}]}},"s":{"0":2,"1":4},"f":{"0":2},"b":{"0":[4,2]}}
,"/Users/kimhaeji/Documents/develop/giggals/kanban-web/components/layouts/default/AppBarTitle.vue": {"path":"/Users/kimhaeji/Documents/develop/giggals/kanban-web/components/layouts/default/AppBarTitle.vue","statementMap":{"0":{"start":{"line":16,"column":0},"end":{"line":16,"column":null}}},"fnMap":{},"branchMap":{},"s":{"0":3},"f":{},"b":{}}
,"/Users/kimhaeji/Documents/develop/giggals/kanban-web/layouts/default.vue": {"path":"/Users/kimhaeji/Documents/develop/giggals/kanban-web/layouts/default.vue","statementMap":{"0":{"start":{"line":16,"column":0},"end":{"line":16,"column":null}},"1":{"start":{"line":17,"column":0},"end":{"line":17,"column":null}}},"fnMap":{"0":{"name":"_interopRequireDefault","decl":{"start":{"line":17,"column":0},"end":{"line":17,"column":null}},"loc":{"start":{"line":17,"column":0},"end":{"line":17,"column":null}}}},"branchMap":{"0":{"loc":{"start":{"line":17,"column":0},"end":{"line":17,"column":null}},"type":"cond-expr","locations":[{"start":{"line":17,"column":0},"end":{"line":17,"column":null}},{"start":{"line":17,"column":0},"end":{"line":17,"column":null}}]}},"s":{"0":1,"1":2},"f":{"0":1},"b":{"0":[2,1]}}
,"/Users/kimhaeji/Documents/develop/giggals/kanban-web/layouts/error.vue": {"path":"/Users/kimhaeji/Documents/develop/giggals/kanban-web/layouts/error.vue","statementMap":{"0":{"start":{"line":12,"column":0},"end":{"line":36,"column":null}},"1":{"start":{"line":36,"column":0},"end":{"line":36,"column":null}}},"fnMap":{},"branchMap":{},"s":{"0":1,"1":1},"f":{},"b":{}}
,"/Users/kimhaeji/Documents/develop/giggals/kanban-web/pages/index.vue": {"path":"/Users/kimhaeji/Documents/develop/giggals/kanban-web/pages/index.vue","statementMap":{"0":{"start":{"line":46,"column":0},"end":{"line":46,"column":null}},"1":{"start":{"line":47,"column":0},"end":{"line":47,"column":null}},"2":{"start":{"line":49,"column":0},"end":{"line":49,"column":null}},"3":{"start":{"line":52,"column":0},"end":{"line":52,"column":null}},"4":{"start":{"line":53,"column":0},"end":{"line":53,"column":null}},"5":{"start":{"line":54,"column":0},"end":{"line":54,"column":null}},"6":{"start":{"line":55,"column":0},"end":{"line":55,"column":null}},"7":{"start":{"line":56,"column":0},"end":{"line":56,"column":null}}},"fnMap":{"0":{"name":"_interopRequireDefault","decl":{"start":{"line":56,"column":0},"end":{"line":56,"column":null}},"loc":{"start":{"line":56,"column":0},"end":{"line":56,"column":null}}}},"branchMap":{"0":{"loc":{"start":{"line":56,"column":0},"end":{"line":56,"column":null}},"type":"cond-expr","locations":[{"start":{"line":56,"column":0},"end":{"line":56,"column":null}},{"start":{"line":56,"column":0},"end":{"line":56,"column":null}}]}},"s":{"0":0,"1":0,"2":0,"3":0,"4":0,"5":0,"6":0,"7":0},"f":{"0":0},"b":{"0":[0,0]}}
,"/Users/kimhaeji/Documents/develop/giggals/kanban-web/utils/firebase.ts": {"path":"/Users/kimhaeji/Documents/develop/giggals/kanban-web/utils/firebase.ts","statementMap":{"0":{"start":{"line":1,"column":0},"end":{"line":1,"column":58}},"1":{"start":{"line":2,"column":0},"end":{"line":2,"column":61}},"2":{"start":{"line":4,"column":23},"end":{"line":12,"column":2}},"3":{"start":{"line":15,"column":25},"end":{"line":15,"column":54}},"4":{"start":{"line":17,"column":13},"end":{"line":17,"column":47}}},"fnMap":{},"branchMap":{},"s":{"0":1,"1":1,"2":1,"3":1,"4":1},"f":{},"b":{}}
,"/Users/kimhaeji/Documents/develop/giggals/kanban-web/utils/string.ts": {"path":"/Users/kimhaeji/Documents/develop/giggals/kanban-web/utils/string.ts","statementMap":{"0":{"start":{"line":6,"column":26},"end":{"line":8,"column":1}},"1":{"start":{"line":7,"column":2},"end":{"line":7,"column":45}},"2":{"start":{"line":6,"column":13},"end":{"line":6,"column":26}}},"fnMap":{"0":{"name":"(anonymous_0)","decl":{"start":{"line":6,"column":26},"end":{"line":6,"column":27}},"loc":{"start":{"line":6,"column":42},"end":{"line":8,"column":1}}}},"branchMap":{},"s":{"0":2,"1":5,"2":2},"f":{"0":5},"b":{}}
}
