TN:
SF:components/common/FormModal.vue
FNF:0
FNH:0
DA:46,0
DA:47,0
DA:49,0
LF:3
LH:0
BRF:0
BRH:0
end_of_record
TN:
SF:components/common/Level.vue
FNF:0
FNH:0
DA:11,1
LF:1
LH:1
BRF:0
BRH:0
end_of_record
TN:
SF:components/common/MenuModal.vue
FNF:0
FNH:0
DA:18,0
DA:19,0
DA:22,0
LF:3
LH:0
BRF:0
BRH:0
end_of_record
TN:
SF:components/common/StateCard.vue
FN:35,_interopRequireDefault
FNF:1
FNH:0
FNDA:0,_interopRequireDefault
DA:31,0
DA:34,0
DA:35,0
LF:3
LH:0
BRDA:35,0,0,0
BRDA:35,0,1,0
BRF:2
BRH:0
end_of_record
TN:
SF:components/common/StateFormModal.vue
FNF:0
FNH:0
DA:30,0
DA:31,0
LF:2
LH:0
BRF:0
BRH:0
end_of_record
TN:
SF:components/common/TaskCard.vue
FN:32,_interopRequireDefault
FNF:1
FNH:0
FNDA:0,_interopRequireDefault
DA:28,0
DA:30,0
DA:32,0
LF:3
LH:0
BRDA:32,0,0,0
BRDA:32,0,1,0
BRF:2
BRH:0
end_of_record
TN:
SF:components/layouts/default/AppBar.vue
FN:20,_interopRequireDefault
FNF:1
FNH:1
FNDA:2,_interopRequireDefault
DA:18,2
DA:20,4
LF:2
LH:2
BRDA:20,0,0,4
BRDA:20,0,1,2
BRF:2
BRH:2
end_of_record
TN:
SF:components/layouts/default/AppBarTitle.vue
FNF:0
FNH:0
DA:16,3
LF:1
LH:1
BRF:0
BRH:0
end_of_record
TN:
SF:layouts/default.vue
FN:17,_interopRequireDefault
FNF:1
FNH:1
FNDA:1,_interopRequireDefault
DA:16,1
DA:17,2
LF:2
LH:2
BRDA:17,0,0,2
BRDA:17,0,1,1
BRF:2
BRH:2
end_of_record
TN:
SF:layouts/error.vue
FNF:0
FNH:0
DA:12,1
DA:36,1
LF:2
LH:2
BRF:0
BRH:0
end_of_record
TN:
SF:pages/index.vue
FN:56,_interopRequireDefault
FNF:1
FNH:0
FNDA:0,_interopRequireDefault
DA:46,0
DA:47,0
DA:49,0
DA:52,0
DA:53,0
DA:54,0
DA:55,0
DA:56,0
LF:8
LH:0
BRDA:56,0,0,0
BRDA:56,0,1,0
BRF:2
BRH:0
end_of_record
TN:
SF:utils/firebase.ts
FNF:0
FNH:0
DA:1,1
DA:2,1
DA:4,1
DA:15,1
DA:17,1
LF:5
LH:5
BRF:0
BRH:0
end_of_record
TN:
SF:utils/string.ts
FN:6,(anonymous_0)
FNF:1
FNH:1
FNDA:5,(anonymous_0)
DA:6,2
DA:7,5
LF:2
LH:2
BRF:0
BRH:0
end_of_record
